<?xml version="1.0" encoding="UTF-8"?>
<!-- Generated by org.testng.reporters.JUnitReportReporter -->
<testsuite hostname="DESKTOP-HE4QSM0" name="testCases.VerifyLoginPage" tests="1" failures="0" timestamp="5 Nov 2017 07:49:54 GMT" time="31.055" errors="0">
  <testcase name="testLoginPage" time="31.055" classname="testCases.VerifyLoginPage"/>
</testsuite> <!-- testCases.VerifyLoginPage -->
