<?xml version="1.0" encoding="UTF-8"?>
<!-- Generated by org.testng.reporters.JUnitReportReporter -->
<testsuite hostname="DESKTOP-HE4QSM0" name="testCases.VerifyLoginPageWithReports" tests="1" failures="0" timestamp="5 Nov 2017 07:59:27 GMT" time="30.268" errors="0">
  <testcase name="testLoginPage" time="30.268" classname="testCases.VerifyLoginPageWithReports"/>
</testsuite> <!-- testCases.VerifyLoginPageWithReports -->
