<?xml version="1.0" encoding="UTF-8"?>
<!-- Generated by org.testng.reporters.JUnitReportReporter -->
<testsuite hostname="DESKTOP-HE4QSM0" name="testCases.VerifyLoginPageWithReports" tests="1" failures="0" timestamp="8 Oct 2017 07:50:11 GMT" time="95.385" errors="0">
  <testcase name="testLoginPage" time="95.385" classname="testCases.VerifyLoginPageWithReports"/>
</testsuite> <!-- testCases.VerifyLoginPageWithReports -->
